<?xml version="1.0" encoding="UTF-8"?>
<!-- Generated by org.testng.reporters.JUnitXMLReporter -->
<testsuite ignored="0" hostname="MSI" failures="0" tests="7" name="BasicFlows1" time="0.04" errors="0" timestamp="2021-12-17T20:41:06 IST">
  <testcase classname="tests.company.Companies" name="deleteMultipleCompanies" time="0.003"/>
  <testcase classname="tests.company.Companies" name="createCompany" time="0.005"/>
  <testcase classname="tests.company.Companies" name="modifyCompany" time="0.003"/>
  <testcase classname="tests.company.Companies" name="deleteCompany" time="0.003"/>
  <testcase classname="contacts.CreateContacts" name="createContact" time="0.002"/>
  <testcase classname="contacts.CreateContacts" name="deleteContact" time="0.002"/>
  <testcase classname="contacts.CreateContacts" name="modifyContact" time="0.002"/>
</testsuite> <!-- BasicFlows1 -->
